<?xml version="1.0" encoding="UTF-8"?>
<!-- Generated by org.testng.reporters.JUnitReportReporter -->
<testsuite hostname="DESKTOP-P0LK14H" failures="0" tests="1" name="Tests.LoginTests" time="1.992" errors="0" timestamp="2024-09-27T12:16:25 PDT" skipped="0">
  <testcase classname="Tests.LoginTests" name="execute" time="1.992"/>
  <system-out/>
</testsuite> <!-- Tests.LoginTests -->
