<?xml version="1.0" encoding="UTF-8"?>
<!-- Generated by org.testng.reporters.JUnitReportReporter -->
<testsuite hostname="DESKTOP-P0LK14H" failures="0" tests="1" name="Tests.BaseTest" time="15.232" errors="0" timestamp="2024-08-08T12:44:38 PDT" skipped="0">
  <testcase classname="Tests.BaseTest" name="set1" time="15.232"/>
</testsuite> <!-- Tests.BaseTest -->
