<?xml version="1.0" encoding="UTF-8"?>
<!-- Generated by org.testng.reporters.JUnitReportReporter -->
<testsuite hostname="DESKTOP-P0LK14H" failures="0" tests="2" name="Tests.LoginTests" time="4.090" errors="0" timestamp="2024-10-23T15:45:58 PDT" skipped="0">
  <testcase classname="Tests.LoginTests" name="execute" time="3.868"/>
  <system-out/>
  <testcase classname="Tests.LoginTests" name="runshot" time="0.222"/>
  <system-out/>
</testsuite> <!-- Tests.LoginTests -->
